# JRE version: Java(TM) SE Runtime Environment (23.0.1+11) (build 23.0.1+11-39)
# Java VM: Java HotSpot(TM) 64-Bit Server VM (23.0.1+11-39, mixed mode, sharing, tiered, compressed oops, compressed class ptrs, g1 gc, windows-amd64)
GC Precious Log:
 CardTable entry size: 512
 Card Set container configuration: InlinePtr #cards 5 size 8 Array Of Cards #cards 10 size 36 Howl #buckets 4 coarsen threshold 1843 Howl Bitmap #cards 512 size 80 coarsen threshold 460 Card regions per heap region 1 cards per card region 2048
 CPUs: 2 total, 2 available
 Memory: 3985M
 Large Page Support: Disabled
 NUMA Support: Disabled
 Compressed Oops: Enabled (32-bit)
 Heap Region Size: 1M
 Heap Min Capacity: 8M
 Heap Initial Capacity: 64M
 Heap Max Capacity: 998M
 Pre-touch: Disabled
 Parallel Workers: 2
 Concurrent Workers: 1
 Concurrent Refinement Workers: 2
 Periodic GC: Disabled
Heap:
 garbage-first heap   total reserved 1021952K, committed 59392K, used 40380K [0x00000000c1a00000, 0x0000000100000000)
  region size 1024K, 16 young (16384K), 2 survivors (2048K)
 Metaspace       used 37684K, committed 38080K, reserved 1114112K
  class space    used 4430K, committed 4608K, reserved 1048576K
GC Heap History (20 events):
Event: 306.051 GC heap before
{Heap before GC invocations=5 (full 0):
 garbage-first heap   total reserved 1021952K, committed 65536K, used 20402K [0x00000000c1a00000, 0x0000000100000000)
  region size 1024K, 18 young (18432K), 3 survivors (3072K)
 Metaspace       used 13186K, committed 13440K, reserved 1114112K
  class space    used 1637K, committed 1728K, reserved 1048576K
}
Event: 306.078 GC heap after
{Heap after GC invocations=6 (full 0):
 garbage-first heap   total reserved 1021952K, committed 65536K, used 7316K [0x00000000c1a00000, 0x0000000100000000)
  region size 1024K, 3 young (3072K), 3 survivors (3072K)
 Metaspace       used 13186K, committed 13440K, reserved 1114112K
  class space    used 1637K, committed 1728K, reserved 1048576K
}
Event: 311.229 GC heap before
{Heap before GC invocations=6 (full 0):
 garbage-first heap   total reserved 1021952K, committed 65536K, used 27796K [0x00000000c1a00000, 0x0000000100000000)
  region size 1024K, 23 young (23552K), 3 survivors (3072K)
 Metaspace       used 15733K, committed 15936K, reserved 1114112K
  class space    used 1911K, committed 1984K, reserved 1048576K
}
Event: 311.251 GC heap after
{Heap after GC invocations=7 (full 0):
 garbage-first heap   total reserved 1021952K, committed 65536K, used 9352K [0x00000000c1a00000, 0x0000000100000000)
  region size 1024K, 3 young (3072K), 3 survivors (3072K)
 Metaspace       used 15733K, committed 15936K, reserved 1114112K
  class space    used 1911K, committed 1984K, reserved 1048576K
}
Event: 314.537 GC heap before
{Heap before GC invocations=7 (full 0):
 garbage-first heap   total reserved 1021952K, committed 65536K, used 32904K [0x00000000c1a00000, 0x0000000100000000)
  region size 1024K, 26 young (26624K), 3 survivors (3072K)
 Metaspace       used 16648K, committed 16896K, reserved 1114112K
  class space    used 2013K, committed 2112K, reserved 1048576K
}
Event: 314.559 GC heap after
{Heap after GC invocations=8 (full 0):
 garbage-first heap   total reserved 1021952K, committed 65536K, used 11295K [0x00000000c1a00000, 0x0000000100000000)
  region size 1024K, 4 young (4096K), 4 survivors (4096K)
 Metaspace       used 16648K, committed 16896K, reserved 1114112K
  class space    used 2013K, committed 2112K, reserved 1048576K
}
Event: 317.990 GC heap before
{Heap before GC invocations=8 (full 0):
 garbage-first heap   total reserved 1021952K, committed 65536K, used 39967K [0x00000000c1a00000, 0x0000000100000000)
  region size 1024K, 32 young (32768K), 4 survivors (4096K)
 Metaspace       used 17073K, committed 17280K, reserved 1114112K
  class space    used 2016K, committed 2112K, reserved 1048576K
}
Event: 318.009 GC heap after
{Heap after GC invocations=9 (full 0):
 garbage-first heap   total reserved 1021952K, committed 65536K, used 12823K [0x00000000c1a00000, 0x0000000100000000)
  region size 1024K, 3 young (3072K), 3 survivors (3072K)
 Metaspace       used 17073K, committed 17280K, reserved 1114112K
  class space    used 2016K, committed 2112K, reserved 1048576K
}
Event: 323.599 GC heap before
{Heap before GC invocations=9 (full 0):
 garbage-first heap   total reserved 1021952K, committed 65536K, used 44567K [0x00000000c1a00000, 0x0000000100000000)
  region size 1024K, 34 young (34816K), 3 survivors (3072K)
 Metaspace       used 19059K, committed 19328K, reserved 1114112K
  class space    used 2269K, committed 2368K, reserved 1048576K
}
Event: 323.623 GC heap after
{Heap after GC invocations=10 (full 0):
 garbage-first heap   total reserved 1021952K, committed 65536K, used 14502K [0x00000000c1a00000, 0x0000000100000000)
  region size 1024K, 3 young (3072K), 3 survivors (3072K)
 Metaspace       used 19059K, committed 19328K, reserved 1114112K
  class space    used 2269K, committed 2368K, reserved 1048576K
}
Event: 327.350 GC heap before
{Heap before GC invocations=10 (full 0):
 garbage-first heap   total reserved 1021952K, committed 65536K, used 41126K [0x00000000c1a00000, 0x0000000100000000)
  region size 1024K, 30 young (30720K), 3 survivors (3072K)
 Metaspace       used 21083K, committed 21504K, reserved 1114112K
  class space    used 2468K, committed 2688K, reserved 1048576K
}
Event: 327.365 GC heap after
{Heap after GC invocations=11 (full 0):
 garbage-first heap   total reserved 1021952K, committed 65536K, used 16607K [0x00000000c1a00000, 0x0000000100000000)
  region size 1024K, 4 young (4096K), 4 survivors (4096K)
 Metaspace       used 21083K, committed 21504K, reserved 1114112K
  class space    used 2468K, committed 2688K, reserved 1048576K
}
Event: 331.499 GC heap before
{Heap before GC invocations=12 (full 0):
 garbage-first heap   total reserved 1021952K, committed 58368K, used 47327K [0x00000000c1a00000, 0x0000000100000000)
  region size 1024K, 34 young (34816K), 4 survivors (4096K)
 Metaspace       used 28100K, committed 28544K, reserved 1114112K
  class space    used 3310K, committed 3520K, reserved 1048576K
}
Event: 331.541 GC heap after
{Heap after GC invocations=13 (full 0):
 garbage-first heap   total reserved 1021952K, committed 59392K, used 23451K [0x00000000c1a00000, 0x0000000100000000)
  region size 1024K, 5 young (5120K), 5 survivors (5120K)
 Metaspace       used 28100K, committed 28544K, reserved 1114112K
  class space    used 3310K, committed 3520K, reserved 1048576K
}
Event: 335.019 GC heap before
{Heap before GC invocations=13 (full 0):
 garbage-first heap   total reserved 1021952K, committed 59392K, used 48027K [0x00000000c1a00000, 0x0000000100000000)
  region size 1024K, 29 young (29696K), 5 survivors (5120K)
 Metaspace       used 32790K, committed 33216K, reserved 1114112K
  class space    used 3847K, committed 4032K, reserved 1048576K
}
Event: 335.045 GC heap after
{Heap after GC invocations=14 (full 0):
 garbage-first heap   total reserved 1021952K, committed 59392K, used 24763K [0x00000000c1a00000, 0x0000000100000000)
  region size 1024K, 3 young (3072K), 3 survivors (3072K)
 Metaspace       used 32790K, committed 33216K, reserved 1114112K
  class space    used 3847K, committed 4032K, reserved 1048576K
}
Event: 337.748 GC heap before
{Heap before GC invocations=14 (full 0):
 garbage-first heap   total reserved 1021952K, committed 59392K, used 26811K [0x00000000c1a00000, 0x0000000100000000)
  region size 1024K, 6 young (6144K), 3 survivors (3072K)
 Metaspace       used 35611K, committed 35968K, reserved 1114112K
  class space    used 4222K, committed 4416K, reserved 1048576K
}
Event: 337.761 GC heap after
{Heap after GC invocations=15 (full 0):
 garbage-first heap   total reserved 1021952K, committed 59392K, used 25982K [0x00000000c1a00000, 0x0000000100000000)
  region size 1024K, 1 young (1024K), 1 survivors (1024K)
 Metaspace       used 35611K, committed 35968K, reserved 1114112K
  class space    used 4222K, committed 4416K, reserved 1048576K
}
Event: 345.249 GC heap before
{Heap before GC invocations=16 (full 0):
 garbage-first heap   total reserved 1021952K, committed 59392K, used 49534K [0x00000000c1a00000, 0x0000000100000000)
  region size 1024K, 25 young (25600K), 1 survivors (1024K)
 Metaspace       used 37552K, committed 37952K, reserved 1114112K
  class space    used 4430K, committed 4608K, reserved 1048576K
}
Event: 345.257 GC heap after
{Heap after GC invocations=17 (full 0):
 garbage-first heap   total reserved 1021952K, committed 59392K, used 27068K [0x00000000c1a00000, 0x0000000100000000)
  region size 1024K, 2 young (2048K), 2 survivors (2048K)
 Metaspace       used 37552K, committed 37952K, reserved 1114112K
  class space    used 4430K, committed 4608K, reserved 1048576K
}

