# JRE version: Java(TM) SE Runtime Environment (23.0.1+11) (build 23.0.1+11-39)
# Java VM: Java HotSpot(TM) 64-Bit Server VM (23.0.1+11-39, mixed mode, sharing, tiered, compressed oops, compressed class ptrs, g1 gc, windows-amd64)
GC Precious Log:
 CardTable entry size: 512
 Card Set container configuration: InlinePtr #cards 5 size 8 Array Of Cards #cards 10 size 36 Howl #buckets 4 coarsen threshold 1843 Howl Bitmap #cards 512 size 80 coarsen threshold 460 Card regions per heap region 1 cards per card region 2048
 CPUs: 2 total, 2 available
 Memory: 3985M
 Large Page Support: Disabled
 NUMA Support: Disabled
 Compressed Oops: Enabled (32-bit)
 Heap Region Size: 1M
 Heap Min Capacity: 8M
 Heap Initial Capacity: 64M
 Heap Max Capacity: 998M
 Pre-touch: Disabled
 Parallel Workers: 2
 Concurrent Workers: 1
 Concurrent Refinement Workers: 2
 Periodic GC: Disabled
Heap:
 garbage-first heap   total reserved 1021952K, committed 79872K, used 74627K [0x00000000c1a00000, 0x0000000100000000)
  region size 1024K, 17 young (17408K), 2 survivors (2048K)
 Metaspace       used 41513K, committed 41984K, reserved 1114112K
  class space    used 4901K, committed 5120K, reserved 1048576K
GC Heap History (20 events):
Event: 14.050 GC heap before
{Heap before GC invocations=6 (full 0):
 garbage-first heap   total reserved 1021952K, committed 65536K, used 42141K [0x00000000c1a00000, 0x0000000100000000)
  region size 1024K, 34 young (34816K), 3 survivors (3072K)
 Metaspace       used 16978K, committed 17216K, reserved 1114112K
  class space    used 2017K, committed 2112K, reserved 1048576K
}
Event: 14.069 GC heap after
{Heap after GC invocations=7 (full 0):
 garbage-first heap   total reserved 1021952K, committed 65536K, used 12376K [0x00000000c1a00000, 0x0000000100000000)
  region size 1024K, 2 young (2048K), 2 survivors (2048K)
 Metaspace       used 16978K, committed 17216K, reserved 1114112K
  class space    used 2017K, committed 2112K, reserved 1048576K
}
Event: 17.544 GC heap before
{Heap before GC invocations=7 (full 0):
 garbage-first heap   total reserved 1021952K, committed 65536K, used 45144K [0x00000000c1a00000, 0x0000000100000000)
  region size 1024K, 34 young (34816K), 2 survivors (2048K)
 Metaspace       used 17648K, committed 17920K, reserved 1114112K
  class space    used 2058K, committed 2176K, reserved 1048576K
}
Event: 17.556 GC heap after
{Heap after GC invocations=8 (full 0):
 garbage-first heap   total reserved 1021952K, committed 65536K, used 13944K [0x00000000c1a00000, 0x0000000100000000)
  region size 1024K, 4 young (4096K), 4 survivors (4096K)
 Metaspace       used 17648K, committed 17920K, reserved 1114112K
  class space    used 2058K, committed 2176K, reserved 1048576K
}
Event: 23.546 GC heap before
{Heap before GC invocations=8 (full 0):
 garbage-first heap   total reserved 1021952K, committed 65536K, used 46712K [0x00000000c1a00000, 0x0000000100000000)
  region size 1024K, 36 young (36864K), 4 survivors (4096K)
 Metaspace       used 19641K, committed 19968K, reserved 1114112K
  class space    used 2307K, committed 2432K, reserved 1048576K
}
Event: 23.564 GC heap after
{Heap after GC invocations=9 (full 0):
 garbage-first heap   total reserved 1021952K, committed 65536K, used 15681K [0x00000000c1a00000, 0x0000000100000000)
  region size 1024K, 4 young (4096K), 4 survivors (4096K)
 Metaspace       used 19641K, committed 19968K, reserved 1114112K
  class space    used 2307K, committed 2432K, reserved 1048576K
}
Event: 24.516 GC heap before
{Heap before GC invocations=9 (full 0):
 garbage-first heap   total reserved 1021952K, committed 65536K, used 21825K [0x00000000c1a00000, 0x0000000100000000)
  region size 1024K, 11 young (11264K), 4 survivors (4096K)
 Metaspace       used 21137K, committed 21504K, reserved 1114112K
  class space    used 2488K, committed 2688K, reserved 1048576K
}
Event: 24.530 GC heap after
{Heap after GC invocations=10 (full 0):
 garbage-first heap   total reserved 1021952K, committed 65536K, used 16492K [0x00000000c1a00000, 0x0000000100000000)
  region size 1024K, 3 young (3072K), 3 survivors (3072K)
 Metaspace       used 21137K, committed 21504K, reserved 1114112K
  class space    used 2488K, committed 2688K, reserved 1048576K
}
Event: 29.497 GC heap before
{Heap before GC invocations=11 (full 0):
 garbage-first heap   total reserved 1021952K, committed 58368K, used 48236K [0x00000000c1a00000, 0x0000000100000000)
  region size 1024K, 34 young (34816K), 3 survivors (3072K)
 Metaspace       used 28027K, committed 28480K, reserved 1114112K
  class space    used 3315K, committed 3520K, reserved 1048576K
}
Event: 29.539 GC heap after
{Heap after GC invocations=12 (full 0):
 garbage-first heap   total reserved 1021952K, committed 59392K, used 23571K [0x00000000c1a00000, 0x0000000100000000)
  region size 1024K, 5 young (5120K), 5 survivors (5120K)
 Metaspace       used 28027K, committed 28480K, reserved 1114112K
  class space    used 3315K, committed 3520K, reserved 1048576K
}
Event: 32.244 GC heap before
{Heap before GC invocations=12 (full 0):
 garbage-first heap   total reserved 1021952K, committed 59392K, used 49171K [0x00000000c1a00000, 0x0000000100000000)
  region size 1024K, 30 young (30720K), 5 survivors (5120K)
 Metaspace       used 29603K, committed 30080K, reserved 1114112K
  class space    used 3486K, committed 3712K, reserved 1048576K
}
Event: 32.273 GC heap after
{Heap after GC invocations=13 (full 0):
 garbage-first heap   total reserved 1021952K, committed 59392K, used 23226K [0x00000000c1a00000, 0x0000000100000000)
  region size 1024K, 2 young (2048K), 2 survivors (2048K)
 Metaspace       used 29603K, committed 30080K, reserved 1114112K
  class space    used 3486K, committed 3712K, reserved 1048576K
}
Event: 35.879 GC heap before
{Heap before GC invocations=13 (full 0):
 garbage-first heap   total reserved 1021952K, committed 59392K, used 44730K [0x00000000c1a00000, 0x0000000100000000)
  region size 1024K, 24 young (24576K), 2 survivors (2048K)
 Metaspace       used 35590K, committed 35968K, reserved 1114112K
  class space    used 4228K, committed 4416K, reserved 1048576K
}
Event: 35.897 GC heap after
{Heap after GC invocations=14 (full 0):
 garbage-first heap   total reserved 1021952K, committed 59392K, used 26423K [0x00000000c1a00000, 0x0000000100000000)
  region size 1024K, 4 young (4096K), 4 survivors (4096K)
 Metaspace       used 35590K, committed 35968K, reserved 1114112K
  class space    used 4228K, committed 4416K, reserved 1048576K
}
Event: 40.605 GC heap before
{Heap before GC invocations=15 (full 0):
 garbage-first heap   total reserved 1021952K, committed 59392K, used 48951K [0x00000000c1a00000, 0x0000000100000000)
  region size 1024K, 27 young (27648K), 4 survivors (4096K)
 Metaspace       used 38568K, committed 39040K, reserved 1114112K
  class space    used 4526K, committed 4736K, reserved 1048576K
}
Event: 40.625 GC heap after
{Heap after GC invocations=16 (full 0):
 garbage-first heap   total reserved 1021952K, committed 59392K, used 28562K [0x00000000c1a00000, 0x0000000100000000)
  region size 1024K, 2 young (2048K), 2 survivors (2048K)
 Metaspace       used 38568K, committed 39040K, reserved 1114112K
  class space    used 4526K, committed 4736K, reserved 1048576K
}
Event: 47.310 GC heap before
{Heap before GC invocations=16 (full 0):
 garbage-first heap   total reserved 1021952K, committed 59392K, used 50066K [0x00000000c1a00000, 0x0000000100000000)
  region size 1024K, 24 young (24576K), 2 survivors (2048K)
 Metaspace       used 38782K, committed 39232K, reserved 1114112K
  class space    used 4526K, committed 4736K, reserved 1048576K
}
Event: 47.337 GC heap after
{Heap after GC invocations=17 (full 0):
 garbage-first heap   total reserved 1021952K, committed 59392K, used 28672K [0x00000000c1a00000, 0x0000000100000000)
  region size 1024K, 1 young (1024K), 1 survivors (1024K)
 Metaspace       used 38782K, committed 39232K, reserved 1114112K
  class space    used 4526K, committed 4736K, reserved 1048576K
}
Event: 51.911 GC heap before
{Heap before GC invocations=17 (full 0):
 garbage-first heap   total reserved 1021952K, committed 59392K, used 51200K [0x00000000c1a00000, 0x0000000100000000)
  region size 1024K, 24 young (24576K), 1 survivors (1024K)
 Metaspace       used 39778K, committed 40256K, reserved 1114112K
  class space    used 4692K, committed 4928K, reserved 1048576K
}
Event: 51.918 GC heap after
{Heap after GC invocations=18 (full 0):
 garbage-first heap   total reserved 1021952K, committed 59392K, used 29571K [0x00000000c1a00000, 0x0000000100000000)
  region size 1024K, 2 young (2048K), 2 survivors (2048K)
 Metaspace       used 39778K, committed 40256K, reserved 1114112K
  class space    used 4692K, committed 4928K, reserved 1048576K
}

